Determining if the pthread_create exist failed with the following output:
Change Dir: /home/ohashi/slam_kitti_ws/mypkg/catkin_ws/src/lidar_localizer/cmake-build-debug/CMakeFiles/CMakeTmp

Run Build Command:"/usr/bin/make" "cmTC_36de8/fast"
/usr/bin/make -f CMakeFiles/cmTC_36de8.dir/build.make CMakeFiles/cmTC_36de8.dir/build
make[1]: Entering directory '/home/ohashi/slam_kitti_ws/mypkg/catkin_ws/src/lidar_localizer/cmake-build-debug/CMakeFiles/CMakeTmp'
Building C object CMakeFiles/cmTC_36de8.dir/CheckSymbolExists.c.o
/usr/bin/cc    -o CMakeFiles/cmTC_36de8.dir/CheckSymbolExists.c.o   -c /home/ohashi/slam_kitti_ws/mypkg/catkin_ws/src/lidar_localizer/cmake-build-debug/CMakeFiles/CMakeTmp/CheckSymbolExists.c
Linking C executable cmTC_36de8
/home/ohashi/clion-2018.2.4/bin/cmake/linux/bin/cmake -E cmake_link_script CMakeFiles/cmTC_36de8.dir/link.txt --verbose=1
/usr/bin/cc      -rdynamic CMakeFiles/cmTC_36de8.dir/CheckSymbolExists.c.o  -o cmTC_36de8 
CMakeFiles/cmTC_36de8.dir/CheckSymbolExists.c.o: In function `main':
CheckSymbolExists.c:(.text+0x16): undefined reference to `pthread_create'
collect2: error: ld returned 1 exit status
CMakeFiles/cmTC_36de8.dir/build.make:86: recipe for target 'cmTC_36de8' failed
make[1]: *** [cmTC_36de8] Error 1
make[1]: Leaving directory '/home/ohashi/slam_kitti_ws/mypkg/catkin_ws/src/lidar_localizer/cmake-build-debug/CMakeFiles/CMakeTmp'
Makefile:121: recipe for target 'cmTC_36de8/fast' failed
make: *** [cmTC_36de8/fast] Error 2

File /home/ohashi/slam_kitti_ws/mypkg/catkin_ws/src/lidar_localizer/cmake-build-debug/CMakeFiles/CMakeTmp/CheckSymbolExists.c:
/* */
#include <pthread.h>

int main(int argc, char** argv)
{
  (void)argv;
#ifndef pthread_create
  return ((int*)(&pthread_create))[argc];
#else
  (void)argc;
  return 0;
#endif
}

Determining if the function pthread_create exists in the pthreads failed with the following output:
Change Dir: /home/ohashi/slam_kitti_ws/mypkg/catkin_ws/src/lidar_localizer/cmake-build-debug/CMakeFiles/CMakeTmp

Run Build Command:"/usr/bin/make" "cmTC_e80d1/fast"
/usr/bin/make -f CMakeFiles/cmTC_e80d1.dir/build.make CMakeFiles/cmTC_e80d1.dir/build
make[1]: Entering directory '/home/ohashi/slam_kitti_ws/mypkg/catkin_ws/src/lidar_localizer/cmake-build-debug/CMakeFiles/CMakeTmp'
Building C object CMakeFiles/cmTC_e80d1.dir/CheckFunctionExists.c.o
/usr/bin/cc   -DCHECK_FUNCTION_EXISTS=pthread_create   -o CMakeFiles/cmTC_e80d1.dir/CheckFunctionExists.c.o   -c /home/ohashi/clion-2018.2.4/bin/cmake/linux/share/cmake-3.12/Modules/CheckFunctionExists.c
Linking C executable cmTC_e80d1
/home/ohashi/clion-2018.2.4/bin/cmake/linux/bin/cmake -E cmake_link_script CMakeFiles/cmTC_e80d1.dir/link.txt --verbose=1
/usr/bin/cc  -DCHECK_FUNCTION_EXISTS=pthread_create    -rdynamic CMakeFiles/cmTC_e80d1.dir/CheckFunctionExists.c.o  -o cmTC_e80d1 -lpthreads 
/usr/bin/ld: cannot find -lpthreads
collect2: error: ld returned 1 exit status
CMakeFiles/cmTC_e80d1.dir/build.make:86: recipe for target 'cmTC_e80d1' failed
make[1]: *** [cmTC_e80d1] Error 1
make[1]: Leaving directory '/home/ohashi/slam_kitti_ws/mypkg/catkin_ws/src/lidar_localizer/cmake-build-debug/CMakeFiles/CMakeTmp'
Makefile:121: recipe for target 'cmTC_e80d1/fast' failed
make: *** [cmTC_e80d1/fast] Error 2


